<?xml version="1.0" encoding="UTF-8"?>
<testsuite xmlns:xsi="http://www.w3.org/2001/XMLSchema-instance" xsi:noNamespaceSchemaLocation="https://maven.apache.org/surefire/maven-surefire-plugin/xsd/surefire-test-report.xsd" name="pers.jun.AppTest" time="0.118" tests="3" errors="0" skipped="0" failures="0">
  <properties>
    <property name="sun.desktop" value="windows"/>
    <property name="awt.toolkit" value="sun.awt.windows.WToolkit"/>
    <property name="file.encoding.pkg" value="sun.io"/>
    <property name="java.specification.version" value="1.8"/>
    <property name="sun.cpu.isalist" value="amd64"/>
    <property name="sun.jnu.encoding" value="GBK"/>
    <property name="java.class.path" value="D:\Java\idea\muke\wheat-field\target\test-classes;D:\Java\idea\muke\wheat-field\target\classes;F:\eclipsePHP\apache-maven-3.6.1\maven-repository\org\springframework\boot\spring-boot-starter-data-redis\2.1.3.RELEASE\spring-boot-starter-data-redis-2.1.3.RELEASE.jar;F:\eclipsePHP\apache-maven-3.6.1\maven-repository\org\springframework\boot\spring-boot-starter\2.1.5.RELEASE\spring-boot-starter-2.1.5.RELEASE.jar;F:\eclipsePHP\apache-maven-3.6.1\maven-repository\org\springframework\boot\spring-boot-starter-logging\2.1.5.RELEASE\spring-boot-starter-logging-2.1.5.RELEASE.jar;F:\eclipsePHP\apache-maven-3.6.1\maven-repository\ch\qos\logback\logback-classic\1.2.3\logback-classic-1.2.3.jar;F:\eclipsePHP\apache-maven-3.6.1\maven-repository\ch\qos\logback\logback-core\1.2.3\logback-core-1.2.3.jar;F:\eclipsePHP\apache-maven-3.6.1\maven-repository\org\apache\logging\log4j\log4j-to-slf4j\2.11.2\log4j-to-slf4j-2.11.2.jar;F:\eclipsePHP\apache-maven-3.6.1\maven-repository\org\apache\logging\log4j\log4j-api\2.11.2\log4j-api-2.11.2.jar;F:\eclipsePHP\apache-maven-3.6.1\maven-repository\org\slf4j\jul-to-slf4j\1.7.26\jul-to-slf4j-1.7.26.jar;F:\eclipsePHP\apache-maven-3.6.1\maven-repository\javax\annotation\javax.annotation-api\1.3.2\javax.annotation-api-1.3.2.jar;F:\eclipsePHP\apache-maven-3.6.1\maven-repository\org\springframework\spring-core\5.1.7.RELEASE\spring-core-5.1.7.RELEASE.jar;F:\eclipsePHP\apache-maven-3.6.1\maven-repository\org\yaml\snakeyaml\1.23\snakeyaml-1.23.jar;F:\eclipsePHP\apache-maven-3.6.1\maven-repository\org\springframework\data\spring-data-redis\2.1.8.RELEASE\spring-data-redis-2.1.8.RELEASE.jar;F:\eclipsePHP\apache-maven-3.6.1\maven-repository\org\springframework\data\spring-data-keyvalue\2.1.8.RELEASE\spring-data-keyvalue-2.1.8.RELEASE.jar;F:\eclipsePHP\apache-maven-3.6.1\maven-repository\org\springframework\data\spring-data-commons\2.1.8.RELEASE\spring-data-commons-2.1.8.RELEASE.jar;F:\eclipsePHP\apache-maven-3.6.1\maven-repository\org\springframework\spring-tx\5.1.7.RELEASE\spring-tx-5.1.7.RELEASE.jar;F:\eclipsePHP\apache-maven-3.6.1\maven-repository\org\springframework\spring-oxm\5.1.7.RELEASE\spring-oxm-5.1.7.RELEASE.jar;F:\eclipsePHP\apache-maven-3.6.1\maven-repository\org\springframework\spring-context-support\5.1.7.RELEASE\spring-context-support-5.1.7.RELEASE.jar;F:\eclipsePHP\apache-maven-3.6.1\maven-repository\io\lettuce\lettuce-core\5.1.6.RELEASE\lettuce-core-5.1.6.RELEASE.jar;F:\eclipsePHP\apache-maven-3.6.1\maven-repository\io\netty\netty-common\4.1.36.Final\netty-common-4.1.36.Final.jar;F:\eclipsePHP\apache-maven-3.6.1\maven-repository\io\netty\netty-handler\4.1.36.Final\netty-handler-4.1.36.Final.jar;F:\eclipsePHP\apache-maven-3.6.1\maven-repository\io\netty\netty-buffer\4.1.36.Final\netty-buffer-4.1.36.Final.jar;F:\eclipsePHP\apache-maven-3.6.1\maven-repository\io\netty\netty-codec\4.1.36.Final\netty-codec-4.1.36.Final.jar;F:\eclipsePHP\apache-maven-3.6.1\maven-repository\io\netty\netty-transport\4.1.36.Final\netty-transport-4.1.36.Final.jar;F:\eclipsePHP\apache-maven-3.6.1\maven-repository\io\netty\netty-resolver\4.1.36.Final\netty-resolver-4.1.36.Final.jar;F:\eclipsePHP\apache-maven-3.6.1\maven-repository\io\projectreactor\reactor-core\3.2.9.RELEASE\reactor-core-3.2.9.RELEASE.jar;F:\eclipsePHP\apache-maven-3.6.1\maven-repository\org\reactivestreams\reactive-streams\1.0.2\reactive-streams-1.0.2.jar;F:\eclipsePHP\apache-maven-3.6.1\maven-repository\org\springframework\session\spring-session-data-redis\2.1.7.RELEASE\spring-session-data-redis-2.1.7.RELEASE.jar;F:\eclipsePHP\apache-maven-3.6.1\maven-repository\org\springframework\session\spring-session-core\2.1.6.RELEASE\spring-session-core-2.1.6.RELEASE.jar;F:\eclipsePHP\apache-maven-3.6.1\maven-repository\org\springframework\spring-jcl\5.1.7.RELEASE\spring-jcl-5.1.7.RELEASE.jar;F:\eclipsePHP\apache-maven-3.6.1\maven-repository\org\springframework\boot\spring-boot-starter-security\2.1.5.RELEASE\spring-boot-starter-security-2.1.5.RELEASE.jar;F:\eclipsePHP\apache-maven-3.6.1\maven-repository\org\springframework\spring-aop\5.1.7.RELEASE\spring-aop-5.1.7.RELEASE.jar;F:\eclipsePHP\apache-maven-3.6.1\maven-repository\org\springframework\spring-beans\5.1.7.RELEASE\spring-beans-5.1.7.RELEASE.jar;F:\eclipsePHP\apache-maven-3.6.1\maven-repository\org\springframework\security\spring-security-config\5.1.5.RELEASE\spring-security-config-5.1.5.RELEASE.jar;F:\eclipsePHP\apache-maven-3.6.1\maven-repository\org\springframework\security\spring-security-core\5.1.5.RELEASE\spring-security-core-5.1.5.RELEASE.jar;F:\eclipsePHP\apache-maven-3.6.1\maven-repository\org\springframework\spring-context\5.1.7.RELEASE\spring-context-5.1.7.RELEASE.jar;F:\eclipsePHP\apache-maven-3.6.1\maven-repository\org\springframework\security\spring-security-web\5.1.5.RELEASE\spring-security-web-5.1.5.RELEASE.jar;F:\eclipsePHP\apache-maven-3.6.1\maven-repository\org\springframework\spring-expression\5.1.7.RELEASE\spring-expression-5.1.7.RELEASE.jar;F:\eclipsePHP\apache-maven-3.6.1\maven-repository\org\hibernate\validator\hibernate-validator\6.0.16.Final\hibernate-validator-6.0.16.Final.jar;F:\eclipsePHP\apache-maven-3.6.1\maven-repository\javax\validation\validation-api\2.0.1.Final\validation-api-2.0.1.Final.jar;F:\eclipsePHP\apache-maven-3.6.1\maven-repository\org\jboss\logging\jboss-logging\3.3.2.Final\jboss-logging-3.3.2.Final.jar;F:\eclipsePHP\apache-maven-3.6.1\maven-repository\com\fasterxml\classmate\1.4.0\classmate-1.4.0.jar;F:\eclipsePHP\apache-maven-3.6.1\maven-repository\org\springframework\boot\spring-boot-devtools\2.1.3.RELEASE\spring-boot-devtools-2.1.3.RELEASE.jar;F:\eclipsePHP\apache-maven-3.6.1\maven-repository\org\springframework\boot\spring-boot\2.1.5.RELEASE\spring-boot-2.1.5.RELEASE.jar;F:\eclipsePHP\apache-maven-3.6.1\maven-repository\org\springframework\boot\spring-boot-autoconfigure\2.1.5.RELEASE\spring-boot-autoconfigure-2.1.5.RELEASE.jar;F:\eclipsePHP\apache-maven-3.6.1\maven-repository\commons-beanutils\commons-beanutils\1.9.3\commons-beanutils-1.9.3.jar;F:\eclipsePHP\apache-maven-3.6.1\maven-repository\commons-logging\commons-logging\1.2\commons-logging-1.2.jar;F:\eclipsePHP\apache-maven-3.6.1\maven-repository\commons-collections\commons-collections\3.2.2\commons-collections-3.2.2.jar;F:\eclipsePHP\apache-maven-3.6.1\maven-repository\org\apache\commons\commons-lang3\3.7\commons-lang3-3.7.jar;F:\eclipsePHP\apache-maven-3.6.1\maven-repository\joda-time\joda-time\2.9.9\joda-time-2.9.9.jar;F:\eclipsePHP\apache-maven-3.6.1\maven-repository\com\alibaba\fastjson\1.2.47\fastjson-1.2.47.jar;F:\eclipsePHP\apache-maven-3.6.1\maven-repository\com\google\guava\guava\18.0\guava-18.0.jar;F:\eclipsePHP\apache-maven-3.6.1\maven-repository\io\springfox\springfox-swagger2\2.6.1\springfox-swagger2-2.6.1.jar;F:\eclipsePHP\apache-maven-3.6.1\maven-repository\io\swagger\swagger-annotations\1.5.10\swagger-annotations-1.5.10.jar;F:\eclipsePHP\apache-maven-3.6.1\maven-repository\io\swagger\swagger-models\1.5.10\swagger-models-1.5.10.jar;F:\eclipsePHP\apache-maven-3.6.1\maven-repository\com\fasterxml\jackson\core\jackson-annotations\2.9.0\jackson-annotations-2.9.0.jar;F:\eclipsePHP\apache-maven-3.6.1\maven-repository\io\springfox\springfox-spi\2.6.1\springfox-spi-2.6.1.jar;F:\eclipsePHP\apache-maven-3.6.1\maven-repository\io\springfox\springfox-core\2.6.1\springfox-core-2.6.1.jar;F:\eclipsePHP\apache-maven-3.6.1\maven-repository\io\springfox\springfox-schema\2.6.1\springfox-schema-2.6.1.jar;F:\eclipsePHP\apache-maven-3.6.1\maven-repository\io\springfox\springfox-swagger-common\2.6.1\springfox-swagger-common-2.6.1.jar;F:\eclipsePHP\apache-maven-3.6.1\maven-repository\io\springfox\springfox-spring-web\2.6.1\springfox-spring-web-2.6.1.jar;F:\eclipsePHP\apache-maven-3.6.1\maven-repository\org\slf4j\slf4j-api\1.7.26\slf4j-api-1.7.26.jar;F:\eclipsePHP\apache-maven-3.6.1\maven-repository\org\springframework\plugin\spring-plugin-core\1.2.0.RELEASE\spring-plugin-core-1.2.0.RELEASE.jar;F:\eclipsePHP\apache-maven-3.6.1\maven-repository\org\springframework\plugin\spring-plugin-metadata\1.2.0.RELEASE\spring-plugin-metadata-1.2.0.RELEASE.jar;F:\eclipsePHP\apache-maven-3.6.1\maven-repository\org\mapstruct\mapstruct\1.0.0.Final\mapstruct-1.0.0.Final.jar;F:\eclipsePHP\apache-maven-3.6.1\maven-repository\io\springfox\springfox-swagger-ui\2.6.1\springfox-swagger-ui-2.6.1.jar;F:\eclipsePHP\apache-maven-3.6.1\maven-repository\org\apache\rocketmq\rocketmq-client\4.3.0\rocketmq-client-4.3.0.jar;F:\eclipsePHP\apache-maven-3.6.1\maven-repository\org\apache\rocketmq\rocketmq-common\4.3.0\rocketmq-common-4.3.0.jar;F:\eclipsePHP\apache-maven-3.6.1\maven-repository\org\apache\rocketmq\rocketmq-remoting\4.3.0\rocketmq-remoting-4.3.0.jar;F:\eclipsePHP\apache-maven-3.6.1\maven-repository\io\netty\netty-all\4.1.36.Final\netty-all-4.1.36.Final.jar;F:\eclipsePHP\apache-maven-3.6.1\maven-repository\org\apache\rocketmq\rocketmq-logging\4.3.0\rocketmq-logging-4.3.0.jar;F:\eclipsePHP\apache-maven-3.6.1\maven-repository\io\netty\netty-tcnative-boringssl-static\2.0.25.Final\netty-tcnative-boringssl-static-2.0.25.Final.jar;F:\eclipsePHP\apache-maven-3.6.1\maven-repository\org\springframework\boot\spring-boot-starter-thymeleaf\2.1.5.RELEASE\spring-boot-starter-thymeleaf-2.1.5.RELEASE.jar;F:\eclipsePHP\apache-maven-3.6.1\maven-repository\org\thymeleaf\thymeleaf-spring5\3.0.11.RELEASE\thymeleaf-spring5-3.0.11.RELEASE.jar;F:\eclipsePHP\apache-maven-3.6.1\maven-repository\org\thymeleaf\thymeleaf\3.0.11.RELEASE\thymeleaf-3.0.11.RELEASE.jar;F:\eclipsePHP\apache-maven-3.6.1\maven-repository\org\attoparser\attoparser\2.0.5.RELEASE\attoparser-2.0.5.RELEASE.jar;F:\eclipsePHP\apache-maven-3.6.1\maven-repository\org\unbescape\unbescape\1.1.6.RELEASE\unbescape-1.1.6.RELEASE.jar;F:\eclipsePHP\apache-maven-3.6.1\maven-repository\org\thymeleaf\extras\thymeleaf-extras-java8time\3.0.4.RELEASE\thymeleaf-extras-java8time-3.0.4.RELEASE.jar;F:\eclipsePHP\apache-maven-3.6.1\maven-repository\org\projectlombok\lombok\1.18.8\lombok-1.18.8.jar;F:\eclipsePHP\apache-maven-3.6.1\maven-repository\com\auth0\java-jwt\3.4.0\java-jwt-3.4.0.jar;F:\eclipsePHP\apache-maven-3.6.1\maven-repository\com\fasterxml\jackson\core\jackson-databind\2.9.8\jackson-databind-2.9.8.jar;F:\eclipsePHP\apache-maven-3.6.1\maven-repository\com\fasterxml\jackson\core\jackson-core\2.9.8\jackson-core-2.9.8.jar;F:\eclipsePHP\apache-maven-3.6.1\maven-repository\commons-codec\commons-codec\1.11\commons-codec-1.11.jar;F:\eclipsePHP\apache-maven-3.6.1\maven-repository\com\github\pagehelper\pagehelper-spring-boot-starter\1.2.5\pagehelper-spring-boot-starter-1.2.5.jar;F:\eclipsePHP\apache-maven-3.6.1\maven-repository\com\github\pagehelper\pagehelper-spring-boot-autoconfigure\1.2.5\pagehelper-spring-boot-autoconfigure-1.2.5.jar;F:\eclipsePHP\apache-maven-3.6.1\maven-repository\com\github\pagehelper\pagehelper\5.1.4\pagehelper-5.1.4.jar;F:\eclipsePHP\apache-maven-3.6.1\maven-repository\com\github\jsqlparser\jsqlparser\1.0\jsqlparser-1.0.jar;F:\eclipsePHP\apache-maven-3.6.1\maven-repository\org\springframework\boot\spring-boot-starter-web\2.1.5.RELEASE\spring-boot-starter-web-2.1.5.RELEASE.jar;F:\eclipsePHP\apache-maven-3.6.1\maven-repository\org\springframework\boot\spring-boot-starter-json\2.1.5.RELEASE\spring-boot-starter-json-2.1.5.RELEASE.jar;F:\eclipsePHP\apache-maven-3.6.1\maven-repository\com\fasterxml\jackson\datatype\jackson-datatype-jdk8\2.9.8\jackson-datatype-jdk8-2.9.8.jar;F:\eclipsePHP\apache-maven-3.6.1\maven-repository\com\fasterxml\jackson\datatype\jackson-datatype-jsr310\2.9.8\jackson-datatype-jsr310-2.9.8.jar;F:\eclipsePHP\apache-maven-3.6.1\maven-repository\com\fasterxml\jackson\module\jackson-module-parameter-names\2.9.8\jackson-module-parameter-names-2.9.8.jar;F:\eclipsePHP\apache-maven-3.6.1\maven-repository\org\springframework\boot\spring-boot-starter-tomcat\2.1.5.RELEASE\spring-boot-starter-tomcat-2.1.5.RELEASE.jar;F:\eclipsePHP\apache-maven-3.6.1\maven-repository\org\apache\tomcat\embed\tomcat-embed-core\9.0.19\tomcat-embed-core-9.0.19.jar;F:\eclipsePHP\apache-maven-3.6.1\maven-repository\org\apache\tomcat\embed\tomcat-embed-el\9.0.19\tomcat-embed-el-9.0.19.jar;F:\eclipsePHP\apache-maven-3.6.1\maven-repository\org\apache\tomcat\embed\tomcat-embed-websocket\9.0.19\tomcat-embed-websocket-9.0.19.jar;F:\eclipsePHP\apache-maven-3.6.1\maven-repository\org\springframework\spring-web\5.1.7.RELEASE\spring-web-5.1.7.RELEASE.jar;F:\eclipsePHP\apache-maven-3.6.1\maven-repository\org\springframework\spring-webmvc\5.1.7.RELEASE\spring-webmvc-5.1.7.RELEASE.jar;F:\eclipsePHP\apache-maven-3.6.1\maven-repository\mysql\mysql-connector-java\5.1.41\mysql-connector-java-5.1.41.jar;F:\eclipsePHP\apache-maven-3.6.1\maven-repository\com\alibaba\druid\1.1.3\druid-1.1.3.jar;F:\AMP\JDK\Java\jre\..\lib\jconsole.jar;F:\AMP\JDK\Java\jre\..\lib\tools.jar;F:\eclipsePHP\apache-maven-3.6.1\maven-repository\org\mybatis\spring\boot\mybatis-spring-boot-starter\2.0.1\mybatis-spring-boot-starter-2.0.1.jar;F:\eclipsePHP\apache-maven-3.6.1\maven-repository\org\springframework\boot\spring-boot-starter-jdbc\2.1.5.RELEASE\spring-boot-starter-jdbc-2.1.5.RELEASE.jar;F:\eclipsePHP\apache-maven-3.6.1\maven-repository\com\zaxxer\HikariCP\3.2.0\HikariCP-3.2.0.jar;F:\eclipsePHP\apache-maven-3.6.1\maven-repository\org\springframework\spring-jdbc\5.1.7.RELEASE\spring-jdbc-5.1.7.RELEASE.jar;F:\eclipsePHP\apache-maven-3.6.1\maven-repository\org\mybatis\spring\boot\mybatis-spring-boot-autoconfigure\2.0.1\mybatis-spring-boot-autoconfigure-2.0.1.jar;F:\eclipsePHP\apache-maven-3.6.1\maven-repository\org\mybatis\mybatis\3.5.1\mybatis-3.5.1.jar;F:\eclipsePHP\apache-maven-3.6.1\maven-repository\org\mybatis\mybatis-spring\2.0.1\mybatis-spring-2.0.1.jar;F:\eclipsePHP\apache-maven-3.6.1\maven-repository\junit\junit\4.11\junit-4.11.jar;F:\eclipsePHP\apache-maven-3.6.1\maven-repository\org\hamcrest\hamcrest-core\1.3\hamcrest-core-1.3.jar;"/>
    <property name="java.vm.vendor" value="Oracle Corporation"/>
    <property name="sun.arch.data.model" value="64"/>
    <property name="user.variant" value=""/>
    <property name="java.vendor.url" value="http://java.oracle.com/"/>
    <property name="user.timezone" value="Asia/Shanghai"/>
    <property name="java.vm.specification.version" value="1.8"/>
    <property name="os.name" value="Windows 10"/>
    <property name="user.country" value="CN"/>
    <property name="sun.java.launcher" value="SUN_STANDARD"/>
    <property name="sun.boot.library.path" value="F:\AMP\JDK\Java\jre\bin"/>
    <property name="sun.java.command" value="C:\Users\14188\AppData\Local\Temp\surefire1889648478662280416\surefirebooter7284138552942097604.jar C:\Users\14188\AppData\Local\Temp\surefire1889648478662280416 2020-05-23T23-51-12_334-jvmRun1 surefire8614785827116885065tmp surefire_04831618714767599030tmp"/>
    <property name="surefire.test.class.path" value="D:\Java\idea\muke\wheat-field\target\test-classes;D:\Java\idea\muke\wheat-field\target\classes;F:\eclipsePHP\apache-maven-3.6.1\maven-repository\org\springframework\boot\spring-boot-starter-data-redis\2.1.3.RELEASE\spring-boot-starter-data-redis-2.1.3.RELEASE.jar;F:\eclipsePHP\apache-maven-3.6.1\maven-repository\org\springframework\boot\spring-boot-starter\2.1.5.RELEASE\spring-boot-starter-2.1.5.RELEASE.jar;F:\eclipsePHP\apache-maven-3.6.1\maven-repository\org\springframework\boot\spring-boot-starter-logging\2.1.5.RELEASE\spring-boot-starter-logging-2.1.5.RELEASE.jar;F:\eclipsePHP\apache-maven-3.6.1\maven-repository\ch\qos\logback\logback-classic\1.2.3\logback-classic-1.2.3.jar;F:\eclipsePHP\apache-maven-3.6.1\maven-repository\ch\qos\logback\logback-core\1.2.3\logback-core-1.2.3.jar;F:\eclipsePHP\apache-maven-3.6.1\maven-repository\org\apache\logging\log4j\log4j-to-slf4j\2.11.2\log4j-to-slf4j-2.11.2.jar;F:\eclipsePHP\apache-maven-3.6.1\maven-repository\org\apache\logging\log4j\log4j-api\2.11.2\log4j-api-2.11.2.jar;F:\eclipsePHP\apache-maven-3.6.1\maven-repository\org\slf4j\jul-to-slf4j\1.7.26\jul-to-slf4j-1.7.26.jar;F:\eclipsePHP\apache-maven-3.6.1\maven-repository\javax\annotation\javax.annotation-api\1.3.2\javax.annotation-api-1.3.2.jar;F:\eclipsePHP\apache-maven-3.6.1\maven-repository\org\springframework\spring-core\5.1.7.RELEASE\spring-core-5.1.7.RELEASE.jar;F:\eclipsePHP\apache-maven-3.6.1\maven-repository\org\yaml\snakeyaml\1.23\snakeyaml-1.23.jar;F:\eclipsePHP\apache-maven-3.6.1\maven-repository\org\springframework\data\spring-data-redis\2.1.8.RELEASE\spring-data-redis-2.1.8.RELEASE.jar;F:\eclipsePHP\apache-maven-3.6.1\maven-repository\org\springframework\data\spring-data-keyvalue\2.1.8.RELEASE\spring-data-keyvalue-2.1.8.RELEASE.jar;F:\eclipsePHP\apache-maven-3.6.1\maven-repository\org\springframework\data\spring-data-commons\2.1.8.RELEASE\spring-data-commons-2.1.8.RELEASE.jar;F:\eclipsePHP\apache-maven-3.6.1\maven-repository\org\springframework\spring-tx\5.1.7.RELEASE\spring-tx-5.1.7.RELEASE.jar;F:\eclipsePHP\apache-maven-3.6.1\maven-repository\org\springframework\spring-oxm\5.1.7.RELEASE\spring-oxm-5.1.7.RELEASE.jar;F:\eclipsePHP\apache-maven-3.6.1\maven-repository\org\springframework\spring-context-support\5.1.7.RELEASE\spring-context-support-5.1.7.RELEASE.jar;F:\eclipsePHP\apache-maven-3.6.1\maven-repository\io\lettuce\lettuce-core\5.1.6.RELEASE\lettuce-core-5.1.6.RELEASE.jar;F:\eclipsePHP\apache-maven-3.6.1\maven-repository\io\netty\netty-common\4.1.36.Final\netty-common-4.1.36.Final.jar;F:\eclipsePHP\apache-maven-3.6.1\maven-repository\io\netty\netty-handler\4.1.36.Final\netty-handler-4.1.36.Final.jar;F:\eclipsePHP\apache-maven-3.6.1\maven-repository\io\netty\netty-buffer\4.1.36.Final\netty-buffer-4.1.36.Final.jar;F:\eclipsePHP\apache-maven-3.6.1\maven-repository\io\netty\netty-codec\4.1.36.Final\netty-codec-4.1.36.Final.jar;F:\eclipsePHP\apache-maven-3.6.1\maven-repository\io\netty\netty-transport\4.1.36.Final\netty-transport-4.1.36.Final.jar;F:\eclipsePHP\apache-maven-3.6.1\maven-repository\io\netty\netty-resolver\4.1.36.Final\netty-resolver-4.1.36.Final.jar;F:\eclipsePHP\apache-maven-3.6.1\maven-repository\io\projectreactor\reactor-core\3.2.9.RELEASE\reactor-core-3.2.9.RELEASE.jar;F:\eclipsePHP\apache-maven-3.6.1\maven-repository\org\reactivestreams\reactive-streams\1.0.2\reactive-streams-1.0.2.jar;F:\eclipsePHP\apache-maven-3.6.1\maven-repository\org\springframework\session\spring-session-data-redis\2.1.7.RELEASE\spring-session-data-redis-2.1.7.RELEASE.jar;F:\eclipsePHP\apache-maven-3.6.1\maven-repository\org\springframework\session\spring-session-core\2.1.6.RELEASE\spring-session-core-2.1.6.RELEASE.jar;F:\eclipsePHP\apache-maven-3.6.1\maven-repository\org\springframework\spring-jcl\5.1.7.RELEASE\spring-jcl-5.1.7.RELEASE.jar;F:\eclipsePHP\apache-maven-3.6.1\maven-repository\org\springframework\boot\spring-boot-starter-security\2.1.5.RELEASE\spring-boot-starter-security-2.1.5.RELEASE.jar;F:\eclipsePHP\apache-maven-3.6.1\maven-repository\org\springframework\spring-aop\5.1.7.RELEASE\spring-aop-5.1.7.RELEASE.jar;F:\eclipsePHP\apache-maven-3.6.1\maven-repository\org\springframework\spring-beans\5.1.7.RELEASE\spring-beans-5.1.7.RELEASE.jar;F:\eclipsePHP\apache-maven-3.6.1\maven-repository\org\springframework\security\spring-security-config\5.1.5.RELEASE\spring-security-config-5.1.5.RELEASE.jar;F:\eclipsePHP\apache-maven-3.6.1\maven-repository\org\springframework\security\spring-security-core\5.1.5.RELEASE\spring-security-core-5.1.5.RELEASE.jar;F:\eclipsePHP\apache-maven-3.6.1\maven-repository\org\springframework\spring-context\5.1.7.RELEASE\spring-context-5.1.7.RELEASE.jar;F:\eclipsePHP\apache-maven-3.6.1\maven-repository\org\springframework\security\spring-security-web\5.1.5.RELEASE\spring-security-web-5.1.5.RELEASE.jar;F:\eclipsePHP\apache-maven-3.6.1\maven-repository\org\springframework\spring-expression\5.1.7.RELEASE\spring-expression-5.1.7.RELEASE.jar;F:\eclipsePHP\apache-maven-3.6.1\maven-repository\org\hibernate\validator\hibernate-validator\6.0.16.Final\hibernate-validator-6.0.16.Final.jar;F:\eclipsePHP\apache-maven-3.6.1\maven-repository\javax\validation\validation-api\2.0.1.Final\validation-api-2.0.1.Final.jar;F:\eclipsePHP\apache-maven-3.6.1\maven-repository\org\jboss\logging\jboss-logging\3.3.2.Final\jboss-logging-3.3.2.Final.jar;F:\eclipsePHP\apache-maven-3.6.1\maven-repository\com\fasterxml\classmate\1.4.0\classmate-1.4.0.jar;F:\eclipsePHP\apache-maven-3.6.1\maven-repository\org\springframework\boot\spring-boot-devtools\2.1.3.RELEASE\spring-boot-devtools-2.1.3.RELEASE.jar;F:\eclipsePHP\apache-maven-3.6.1\maven-repository\org\springframework\boot\spring-boot\2.1.5.RELEASE\spring-boot-2.1.5.RELEASE.jar;F:\eclipsePHP\apache-maven-3.6.1\maven-repository\org\springframework\boot\spring-boot-autoconfigure\2.1.5.RELEASE\spring-boot-autoconfigure-2.1.5.RELEASE.jar;F:\eclipsePHP\apache-maven-3.6.1\maven-repository\commons-beanutils\commons-beanutils\1.9.3\commons-beanutils-1.9.3.jar;F:\eclipsePHP\apache-maven-3.6.1\maven-repository\commons-logging\commons-logging\1.2\commons-logging-1.2.jar;F:\eclipsePHP\apache-maven-3.6.1\maven-repository\commons-collections\commons-collections\3.2.2\commons-collections-3.2.2.jar;F:\eclipsePHP\apache-maven-3.6.1\maven-repository\org\apache\commons\commons-lang3\3.7\commons-lang3-3.7.jar;F:\eclipsePHP\apache-maven-3.6.1\maven-repository\joda-time\joda-time\2.9.9\joda-time-2.9.9.jar;F:\eclipsePHP\apache-maven-3.6.1\maven-repository\com\alibaba\fastjson\1.2.47\fastjson-1.2.47.jar;F:\eclipsePHP\apache-maven-3.6.1\maven-repository\com\google\guava\guava\18.0\guava-18.0.jar;F:\eclipsePHP\apache-maven-3.6.1\maven-repository\io\springfox\springfox-swagger2\2.6.1\springfox-swagger2-2.6.1.jar;F:\eclipsePHP\apache-maven-3.6.1\maven-repository\io\swagger\swagger-annotations\1.5.10\swagger-annotations-1.5.10.jar;F:\eclipsePHP\apache-maven-3.6.1\maven-repository\io\swagger\swagger-models\1.5.10\swagger-models-1.5.10.jar;F:\eclipsePHP\apache-maven-3.6.1\maven-repository\com\fasterxml\jackson\core\jackson-annotations\2.9.0\jackson-annotations-2.9.0.jar;F:\eclipsePHP\apache-maven-3.6.1\maven-repository\io\springfox\springfox-spi\2.6.1\springfox-spi-2.6.1.jar;F:\eclipsePHP\apache-maven-3.6.1\maven-repository\io\springfox\springfox-core\2.6.1\springfox-core-2.6.1.jar;F:\eclipsePHP\apache-maven-3.6.1\maven-repository\io\springfox\springfox-schema\2.6.1\springfox-schema-2.6.1.jar;F:\eclipsePHP\apache-maven-3.6.1\maven-repository\io\springfox\springfox-swagger-common\2.6.1\springfox-swagger-common-2.6.1.jar;F:\eclipsePHP\apache-maven-3.6.1\maven-repository\io\springfox\springfox-spring-web\2.6.1\springfox-spring-web-2.6.1.jar;F:\eclipsePHP\apache-maven-3.6.1\maven-repository\org\slf4j\slf4j-api\1.7.26\slf4j-api-1.7.26.jar;F:\eclipsePHP\apache-maven-3.6.1\maven-repository\org\springframework\plugin\spring-plugin-core\1.2.0.RELEASE\spring-plugin-core-1.2.0.RELEASE.jar;F:\eclipsePHP\apache-maven-3.6.1\maven-repository\org\springframework\plugin\spring-plugin-metadata\1.2.0.RELEASE\spring-plugin-metadata-1.2.0.RELEASE.jar;F:\eclipsePHP\apache-maven-3.6.1\maven-repository\org\mapstruct\mapstruct\1.0.0.Final\mapstruct-1.0.0.Final.jar;F:\eclipsePHP\apache-maven-3.6.1\maven-repository\io\springfox\springfox-swagger-ui\2.6.1\springfox-swagger-ui-2.6.1.jar;F:\eclipsePHP\apache-maven-3.6.1\maven-repository\org\apache\rocketmq\rocketmq-client\4.3.0\rocketmq-client-4.3.0.jar;F:\eclipsePHP\apache-maven-3.6.1\maven-repository\org\apache\rocketmq\rocketmq-common\4.3.0\rocketmq-common-4.3.0.jar;F:\eclipsePHP\apache-maven-3.6.1\maven-repository\org\apache\rocketmq\rocketmq-remoting\4.3.0\rocketmq-remoting-4.3.0.jar;F:\eclipsePHP\apache-maven-3.6.1\maven-repository\io\netty\netty-all\4.1.36.Final\netty-all-4.1.36.Final.jar;F:\eclipsePHP\apache-maven-3.6.1\maven-repository\org\apache\rocketmq\rocketmq-logging\4.3.0\rocketmq-logging-4.3.0.jar;F:\eclipsePHP\apache-maven-3.6.1\maven-repository\io\netty\netty-tcnative-boringssl-static\2.0.25.Final\netty-tcnative-boringssl-static-2.0.25.Final.jar;F:\eclipsePHP\apache-maven-3.6.1\maven-repository\org\springframework\boot\spring-boot-starter-thymeleaf\2.1.5.RELEASE\spring-boot-starter-thymeleaf-2.1.5.RELEASE.jar;F:\eclipsePHP\apache-maven-3.6.1\maven-repository\org\thymeleaf\thymeleaf-spring5\3.0.11.RELEASE\thymeleaf-spring5-3.0.11.RELEASE.jar;F:\eclipsePHP\apache-maven-3.6.1\maven-repository\org\thymeleaf\thymeleaf\3.0.11.RELEASE\thymeleaf-3.0.11.RELEASE.jar;F:\eclipsePHP\apache-maven-3.6.1\maven-repository\org\attoparser\attoparser\2.0.5.RELEASE\attoparser-2.0.5.RELEASE.jar;F:\eclipsePHP\apache-maven-3.6.1\maven-repository\org\unbescape\unbescape\1.1.6.RELEASE\unbescape-1.1.6.RELEASE.jar;F:\eclipsePHP\apache-maven-3.6.1\maven-repository\org\thymeleaf\extras\thymeleaf-extras-java8time\3.0.4.RELEASE\thymeleaf-extras-java8time-3.0.4.RELEASE.jar;F:\eclipsePHP\apache-maven-3.6.1\maven-repository\org\projectlombok\lombok\1.18.8\lombok-1.18.8.jar;F:\eclipsePHP\apache-maven-3.6.1\maven-repository\com\auth0\java-jwt\3.4.0\java-jwt-3.4.0.jar;F:\eclipsePHP\apache-maven-3.6.1\maven-repository\com\fasterxml\jackson\core\jackson-databind\2.9.8\jackson-databind-2.9.8.jar;F:\eclipsePHP\apache-maven-3.6.1\maven-repository\com\fasterxml\jackson\core\jackson-core\2.9.8\jackson-core-2.9.8.jar;F:\eclipsePHP\apache-maven-3.6.1\maven-repository\commons-codec\commons-codec\1.11\commons-codec-1.11.jar;F:\eclipsePHP\apache-maven-3.6.1\maven-repository\com\github\pagehelper\pagehelper-spring-boot-starter\1.2.5\pagehelper-spring-boot-starter-1.2.5.jar;F:\eclipsePHP\apache-maven-3.6.1\maven-repository\com\github\pagehelper\pagehelper-spring-boot-autoconfigure\1.2.5\pagehelper-spring-boot-autoconfigure-1.2.5.jar;F:\eclipsePHP\apache-maven-3.6.1\maven-repository\com\github\pagehelper\pagehelper\5.1.4\pagehelper-5.1.4.jar;F:\eclipsePHP\apache-maven-3.6.1\maven-repository\com\github\jsqlparser\jsqlparser\1.0\jsqlparser-1.0.jar;F:\eclipsePHP\apache-maven-3.6.1\maven-repository\org\springframework\boot\spring-boot-starter-web\2.1.5.RELEASE\spring-boot-starter-web-2.1.5.RELEASE.jar;F:\eclipsePHP\apache-maven-3.6.1\maven-repository\org\springframework\boot\spring-boot-starter-json\2.1.5.RELEASE\spring-boot-starter-json-2.1.5.RELEASE.jar;F:\eclipsePHP\apache-maven-3.6.1\maven-repository\com\fasterxml\jackson\datatype\jackson-datatype-jdk8\2.9.8\jackson-datatype-jdk8-2.9.8.jar;F:\eclipsePHP\apache-maven-3.6.1\maven-repository\com\fasterxml\jackson\datatype\jackson-datatype-jsr310\2.9.8\jackson-datatype-jsr310-2.9.8.jar;F:\eclipsePHP\apache-maven-3.6.1\maven-repository\com\fasterxml\jackson\module\jackson-module-parameter-names\2.9.8\jackson-module-parameter-names-2.9.8.jar;F:\eclipsePHP\apache-maven-3.6.1\maven-repository\org\springframework\boot\spring-boot-starter-tomcat\2.1.5.RELEASE\spring-boot-starter-tomcat-2.1.5.RELEASE.jar;F:\eclipsePHP\apache-maven-3.6.1\maven-repository\org\apache\tomcat\embed\tomcat-embed-core\9.0.19\tomcat-embed-core-9.0.19.jar;F:\eclipsePHP\apache-maven-3.6.1\maven-repository\org\apache\tomcat\embed\tomcat-embed-el\9.0.19\tomcat-embed-el-9.0.19.jar;F:\eclipsePHP\apache-maven-3.6.1\maven-repository\org\apache\tomcat\embed\tomcat-embed-websocket\9.0.19\tomcat-embed-websocket-9.0.19.jar;F:\eclipsePHP\apache-maven-3.6.1\maven-repository\org\springframework\spring-web\5.1.7.RELEASE\spring-web-5.1.7.RELEASE.jar;F:\eclipsePHP\apache-maven-3.6.1\maven-repository\org\springframework\spring-webmvc\5.1.7.RELEASE\spring-webmvc-5.1.7.RELEASE.jar;F:\eclipsePHP\apache-maven-3.6.1\maven-repository\mysql\mysql-connector-java\5.1.41\mysql-connector-java-5.1.41.jar;F:\eclipsePHP\apache-maven-3.6.1\maven-repository\com\alibaba\druid\1.1.3\druid-1.1.3.jar;F:\AMP\JDK\Java\jre\..\lib\jconsole.jar;F:\AMP\JDK\Java\jre\..\lib\tools.jar;F:\eclipsePHP\apache-maven-3.6.1\maven-repository\org\mybatis\spring\boot\mybatis-spring-boot-starter\2.0.1\mybatis-spring-boot-starter-2.0.1.jar;F:\eclipsePHP\apache-maven-3.6.1\maven-repository\org\springframework\boot\spring-boot-starter-jdbc\2.1.5.RELEASE\spring-boot-starter-jdbc-2.1.5.RELEASE.jar;F:\eclipsePHP\apache-maven-3.6.1\maven-repository\com\zaxxer\HikariCP\3.2.0\HikariCP-3.2.0.jar;F:\eclipsePHP\apache-maven-3.6.1\maven-repository\org\springframework\spring-jdbc\5.1.7.RELEASE\spring-jdbc-5.1.7.RELEASE.jar;F:\eclipsePHP\apache-maven-3.6.1\maven-repository\org\mybatis\spring\boot\mybatis-spring-boot-autoconfigure\2.0.1\mybatis-spring-boot-autoconfigure-2.0.1.jar;F:\eclipsePHP\apache-maven-3.6.1\maven-repository\org\mybatis\mybatis\3.5.1\mybatis-3.5.1.jar;F:\eclipsePHP\apache-maven-3.6.1\maven-repository\org\mybatis\mybatis-spring\2.0.1\mybatis-spring-2.0.1.jar;F:\eclipsePHP\apache-maven-3.6.1\maven-repository\junit\junit\4.11\junit-4.11.jar;F:\eclipsePHP\apache-maven-3.6.1\maven-repository\org\hamcrest\hamcrest-core\1.3\hamcrest-core-1.3.jar;"/>
    <property name="sun.cpu.endian" value="little"/>
    <property name="user.home" value="C:\Users\14188"/>
    <property name="user.language" value="zh"/>
    <property name="java.specification.vendor" value="Oracle Corporation"/>
    <property name="java.home" value="F:\AMP\JDK\Java\jre"/>
    <property name="basedir" value="D:\Java\idea\muke\wheat-field"/>
    <property name="file.separator" value="\"/>
    <property name="line.separator" value="&#10;"/>
    <property name="java.vm.specification.vendor" value="Oracle Corporation"/>
    <property name="java.specification.name" value="Java Platform API Specification"/>
    <property name="java.awt.graphicsenv" value="sun.awt.Win32GraphicsEnvironment"/>
    <property name="surefire.real.class.path" value="C:\Users\14188\AppData\Local\Temp\surefire1889648478662280416\surefirebooter7284138552942097604.jar"/>
    <property name="sun.boot.class.path" value="F:\AMP\JDK\Java\jre\lib\resources.jar;F:\AMP\JDK\Java\jre\lib\rt.jar;F:\AMP\JDK\Java\jre\lib\sunrsasign.jar;F:\AMP\JDK\Java\jre\lib\jsse.jar;F:\AMP\JDK\Java\jre\lib\jce.jar;F:\AMP\JDK\Java\jre\lib\charsets.jar;F:\AMP\JDK\Java\jre\lib\jfr.jar;F:\AMP\JDK\Java\jre\classes"/>
    <property name="user.script" value=""/>
    <property name="sun.management.compiler" value="HotSpot 64-Bit Tiered Compilers"/>
    <property name="java.runtime.version" value="1.8.0_131-b11"/>
    <property name="user.name" value="14188"/>
    <property name="path.separator" value=";"/>
    <property name="os.version" value="10.0"/>
    <property name="java.endorsed.dirs" value="F:\AMP\JDK\Java\jre\lib\endorsed"/>
    <property name="java.runtime.name" value="Java(TM) SE Runtime Environment"/>
    <property name="file.encoding" value="GBK"/>
    <property name="java.vm.name" value="Java HotSpot(TM) 64-Bit Server VM"/>
    <property name="localRepository" value="F:\eclipsePHP\apache-maven-3.6.1\maven-repository"/>
    <property name="java.vendor.url.bug" value="http://bugreport.sun.com/bugreport/"/>
    <property name="java.io.tmpdir" value="C:\Users\14188\AppData\Local\Temp\"/>
    <property name="java.version" value="1.8.0_131"/>
    <property name="user.dir" value="D:\Java\idea\muke\wheat-field"/>
    <property name="os.arch" value="amd64"/>
    <property name="java.vm.specification.name" value="Java Virtual Machine Specification"/>
    <property name="java.awt.printerjob" value="sun.awt.windows.WPrinterJob"/>
    <property name="sun.os.patch.level" value=""/>
    <property name="java.library.path" value="F:\AMP\JDK\Java\jre\bin;C:\Windows\Sun\Java\bin;C:\Windows\system32;C:\Windows;C:\Program Files (x86)\Common Files\Oracle\Java\javapath;C:\ProgramData\Oracle\Java\javapath;C:\Windows\system32;C:\Windows;C:\Windows\System32\Wbem;C:\Windows\System32\WindowsPowerShell\v1.0\;C:\Windows\System32\OpenSSH\;F:\AMP\JDK\Java\bin;F:\AMP\JDK\Java\jre\bin;F:\eclipsePHP\apache-maven-3.6.1\bin;F:\nodejs\install\;F:\GIT\install\Git\cmd;C:\Program Files\MySQL\MySQL Server 5.7\bin;C:\Program Files (x86)\scala\bin;C:\Program Files (x86)\sbt\bin;D:\bigdata\winutil\hadoop-common-2.2.0-bin-master\bin;F:\python\install\Scripts\;F:\python\install\;C:\Users\14188\AppData\Local\Microsoft\WindowsApps;F:\python\anacondaInstall\Scripts;F:\nodejs\install\node_global;;."/>
    <property name="java.vm.info" value="mixed mode"/>
    <property name="java.vendor" value="Oracle Corporation"/>
    <property name="java.vm.version" value="25.131-b11"/>
    <property name="java.ext.dirs" value="F:\AMP\JDK\Java\jre\lib\ext;C:\Windows\Sun\Java\lib\ext"/>
    <property name="sun.io.unicode.encoding" value="UnicodeLittle"/>
    <property name="java.class.version" value="52.0"/>
  </properties>
  <testcase name="shouldAnswerWithTrue" classname="pers.jun.AppTest" time="0.001"/>
  <testcase name="test1" classname="pers.jun.AppTest" time="0.002"/>
  <testcase name="test2" classname="pers.jun.AppTest" time="0.003"/>
</testsuite>